<?xml version="1.0" encoding="UTF-8"?>
<testng-results ignored="0" total="1" passed="1" failed="0" skipped="0">
  <reporter-output>
  </reporter-output>
  <suite started-at="2024-12-18T18:04:49 IST" name="Default suite" finished-at="2024-12-18T18:05:14 IST" duration-ms="24539">
    <groups>
    </groups>
    <test started-at="2024-12-18T18:04:49 IST" name="Default test" finished-at="2024-12-18T18:05:14 IST" duration-ms="24539">
      <class name="packg.SiteAutomation">
        <test-method is-config="true" signature="setUp()[pri:0, instance:packg.SiteAutomation@a38c7fe]" started-at="2024-12-18T18:04:49 IST" name="setUp" finished-at="2024-12-18T18:05:02 IST" duration-ms="13096" status="PASS">
          <reporter-output>
          </reporter-output>
        </test-method> <!-- setUp -->
        <test-method signature="testingWork()[pri:0, instance:packg.SiteAutomation@a38c7fe]" started-at="2024-12-18T18:05:02 IST" name="testingWork" finished-at="2024-12-18T18:05:14 IST" duration-ms="11336" status="PASS">
          <reporter-output>
          </reporter-output>
        </test-method> <!-- testingWork -->
      </class> <!-- packg.SiteAutomation -->
    </test> <!-- Default test -->
  </suite> <!-- Default suite -->
</testng-results>
